[INFO][2017-02-27 15:54:54 054][Timer-0][B:][S:][DispatcherServlet][FrameworkServlet.java][484] FrameworkServlet 'springmvc': initialization started
[INFO][2017-02-27 15:54:54 054][Timer-0][B:][S:][XmlWebApplicationContext][AbstractApplicationContext.java][510] Refreshing WebApplicationContext for namespace 'springmvc-servlet': startup date [Mon Feb 27 15:54:54 CST 2017]; parent: Root WebApplicationContext
[INFO][2017-02-27 15:54:54 054][Timer-0][B:][S:][XmlBeanDefinitionReader][XmlBeanDefinitionReader.java][317] Loading XML bean definitions from class path resource [config/spring/spring-mvc.xml]
[WARN][2017-02-27 15:54:54 054][Timer-0][B:][S:][XmlWebApplicationContext][AbstractApplicationContext.java][487] Exception encountered during context initialization - cancelling refresh attempt
org.springframework.beans.factory.BeanCreationException: Error creating bean with name 'conversionService' defined in class path resource [config/spring/spring-mvc.xml]: Cannot create inner bean 'pms.pub.util.DateFormatter#26375c6' of type [pms.pub.util.DateFormatter] while setting bean property 'formatters' with key [0]; nested exception is org.springframework.beans.factory.CannotLoadBeanClassException: Cannot find class [pms.pub.util.DateFormatter] for bean with name 'pms.pub.util.DateFormatter#26375c6' defined in class path resource [config/spring/spring-mvc.xml]; nested exception is java.lang.ClassNotFoundException: pms.pub.util.DateFormatter
	at org.springframework.beans.factory.support.BeanDefinitionValueResolver.resolveInnerBean(BeanDefinitionValueResolver.java:313)
	at org.springframework.beans.factory.support.BeanDefinitionValueResolver.resolveValueIfNecessary(BeanDefinitionValueResolver.java:122)
	at org.springframework.beans.factory.support.BeanDefinitionValueResolver.resolveManagedSet(BeanDefinitionValueResolver.java:394)
	at org.springframework.beans.factory.support.BeanDefinitionValueResolver.resolveValueIfNecessary(BeanDefinitionValueResolver.java:161)
	at org.springframework.beans.factory.support.AbstractAutowireCapableBeanFactory.applyPropertyValues(AbstractAutowireCapableBeanFactory.java:1477)
	at org.springframework.beans.factory.support.AbstractAutowireCapableBeanFactory.populateBean(AbstractAutowireCapableBeanFactory.java:1222)
	at org.springframework.beans.factory.support.AbstractAutowireCapableBeanFactory.doCreateBean(AbstractAutowireCapableBeanFactory.java:537)
	at org.springframework.beans.factory.support.AbstractAutowireCapableBeanFactory.createBean(AbstractAutowireCapableBeanFactory.java:476)
	at org.springframework.beans.factory.support.AbstractBeanFactory$1.getObject(AbstractBeanFactory.java:303)
	at org.springframework.beans.factory.support.DefaultSingletonBeanRegistry.getSingleton(DefaultSingletonBeanRegistry.java:230)
	at org.springframework.beans.factory.support.AbstractBeanFactory.doGetBean(AbstractBeanFactory.java:299)
	at org.springframework.beans.factory.support.AbstractBeanFactory.getBean(AbstractBeanFactory.java:199)
	at org.springframework.context.support.AbstractApplicationContext.finishBeanFactoryInitialization(AbstractApplicationContext.java:741)
	at org.springframework.context.support.AbstractApplicationContext.refresh(AbstractApplicationContext.java:480)
	at org.springframework.web.servlet.FrameworkServlet.configureAndRefreshWebApplicationContext(FrameworkServlet.java:663)
	at org.springframework.web.servlet.FrameworkServlet.createWebApplicationContext(FrameworkServlet.java:629)
	at org.springframework.web.servlet.FrameworkServlet.createWebApplicationContext(FrameworkServlet.java:677)
	at org.springframework.web.servlet.FrameworkServlet.initWebApplicationContext(FrameworkServlet.java:548)
	at org.springframework.web.servlet.FrameworkServlet.initServletBean(FrameworkServlet.java:489)
	at org.springframework.web.servlet.HttpServletBean.init(HttpServletBean.java:136)
	at javax.servlet.GenericServlet.init(GenericServlet.java:241)
	at org.mortbay.jetty.servlet.ServletHolder.initServlet(ServletHolder.java:440)
	at org.mortbay.jetty.servlet.ServletHolder.doStart(ServletHolder.java:263)
	at org.mortbay.component.AbstractLifeCycle.start(AbstractLifeCycle.java:50)
	at org.mortbay.jetty.servlet.ServletHandler.initialize(ServletHandler.java:736)
	at org.mortbay.jetty.servlet.Context.startContext(Context.java:140)
	at org.mortbay.jetty.webapp.WebAppContext.startContext(WebAppContext.java:1282)
	at org.mortbay.jetty.handler.ContextHandler.doStart(ContextHandler.java:518)
	at org.mortbay.jetty.webapp.WebAppContext.doStart(WebAppContext.java:499)
	at org.mortbay.component.AbstractLifeCycle.start(AbstractLifeCycle.java:50)
	at runjettyrun.Bootstrap$3.filesChanged(Bootstrap.java:465)
	at org.mortbay.util.Scanner.reportBulkChanges(Scanner.java:486)
	at org.mortbay.util.Scanner.reportDifferences(Scanner.java:352)
	at org.mortbay.util.Scanner.scan(Scanner.java:280)
	at org.mortbay.util.Scanner$1.run(Scanner.java:232)
	at java.util.TimerThread.mainLoop(Timer.java:555)
	at java.util.TimerThread.run(Timer.java:505)
Caused by: org.springframework.beans.factory.CannotLoadBeanClassException: Cannot find class [pms.pub.util.DateFormatter] for bean with name 'pms.pub.util.DateFormatter#26375c6' defined in class path resource [config/spring/spring-mvc.xml]; nested exception is java.lang.ClassNotFoundException: pms.pub.util.DateFormatter
	at org.springframework.beans.factory.support.AbstractBeanFactory.resolveBeanClass(AbstractBeanFactory.java:1328)
	at org.springframework.beans.factory.support.AbstractAutowireCapableBeanFactory.createBean(AbstractAutowireCapableBeanFactory.java:453)
	at org.springframework.beans.factory.support.BeanDefinitionValueResolver.resolveInnerBean(BeanDefinitionValueResolver.java:299)
	... 36 more
Caused by: java.lang.ClassNotFoundException: pms.pub.util.DateFormatter
	at java.net.URLClassLoader$1.run(URLClassLoader.java:366)
	at java.net.URLClassLoader$1.run(URLClassLoader.java:355)
	at java.security.AccessController.doPrivileged(Native Method)
	at java.net.URLClassLoader.findClass(URLClassLoader.java:354)
	at org.mortbay.jetty.webapp.WebAppClassLoader.loadClass(WebAppClassLoader.java:392)
	at runjettyrun.ProjectClassLoader.loadClass(ProjectClassLoader.java:82)
	at org.springframework.util.ClassUtils.forName(ClassUtils.java:249)
	at org.springframework.beans.factory.support.AbstractBeanDefinition.resolveBeanClass(AbstractBeanDefinition.java:395)
	at org.springframework.beans.factory.support.AbstractBeanFactory.doResolveBeanClass(AbstractBeanFactory.java:1349)
	at org.springframework.beans.factory.support.AbstractBeanFactory.resolveBeanClass(AbstractBeanFactory.java:1320)
	... 38 more
[ERROR][2017-02-27 15:54:54 054][Timer-0][B:][S:][DispatcherServlet][FrameworkServlet.java][497] Context initialization failed
org.springframework.beans.factory.BeanCreationException: Error creating bean with name 'conversionService' defined in class path resource [config/spring/spring-mvc.xml]: Cannot create inner bean 'pms.pub.util.DateFormatter#26375c6' of type [pms.pub.util.DateFormatter] while setting bean property 'formatters' with key [0]; nested exception is org.springframework.beans.factory.CannotLoadBeanClassException: Cannot find class [pms.pub.util.DateFormatter] for bean with name 'pms.pub.util.DateFormatter#26375c6' defined in class path resource [config/spring/spring-mvc.xml]; nested exception is java.lang.ClassNotFoundException: pms.pub.util.DateFormatter
	at org.springframework.beans.factory.support.BeanDefinitionValueResolver.resolveInnerBean(BeanDefinitionValueResolver.java:313)
	at org.springframework.beans.factory.support.BeanDefinitionValueResolver.resolveValueIfNecessary(BeanDefinitionValueResolver.java:122)
	at org.springframework.beans.factory.support.BeanDefinitionValueResolver.resolveManagedSet(BeanDefinitionValueResolver.java:394)
	at org.springframework.beans.factory.support.BeanDefinitionValueResolver.resolveValueIfNecessary(BeanDefinitionValueResolver.java:161)
	at org.springframework.beans.factory.support.AbstractAutowireCapableBeanFactory.applyPropertyValues(AbstractAutowireCapableBeanFactory.java:1477)
	at org.springframework.beans.factory.support.AbstractAutowireCapableBeanFactory.populateBean(AbstractAutowireCapableBeanFactory.java:1222)
	at org.springframework.beans.factory.support.AbstractAutowireCapableBeanFactory.doCreateBean(AbstractAutowireCapableBeanFactory.java:537)
	at org.springframework.beans.factory.support.AbstractAutowireCapableBeanFactory.createBean(AbstractAutowireCapableBeanFactory.java:476)
	at org.springframework.beans.factory.support.AbstractBeanFactory$1.getObject(AbstractBeanFactory.java:303)
	at org.springframework.beans.factory.support.DefaultSingletonBeanRegistry.getSingleton(DefaultSingletonBeanRegistry.java:230)
	at org.springframework.beans.factory.support.AbstractBeanFactory.doGetBean(AbstractBeanFactory.java:299)
	at org.springframework.beans.factory.support.AbstractBeanFactory.getBean(AbstractBeanFactory.java:199)
	at org.springframework.context.support.AbstractApplicationContext.finishBeanFactoryInitialization(AbstractApplicationContext.java:741)
	at org.springframework.context.support.AbstractApplicationContext.refresh(AbstractApplicationContext.java:480)
	at org.springframework.web.servlet.FrameworkServlet.configureAndRefreshWebApplicationContext(FrameworkServlet.java:663)
	at org.springframework.web.servlet.FrameworkServlet.createWebApplicationContext(FrameworkServlet.java:629)
	at org.springframework.web.servlet.FrameworkServlet.createWebApplicationContext(FrameworkServlet.java:677)
	at org.springframework.web.servlet.FrameworkServlet.initWebApplicationContext(FrameworkServlet.java:548)
	at org.springframework.web.servlet.FrameworkServlet.initServletBean(FrameworkServlet.java:489)
	at org.springframework.web.servlet.HttpServletBean.init(HttpServletBean.java:136)
	at javax.servlet.GenericServlet.init(GenericServlet.java:241)
	at org.mortbay.jetty.servlet.ServletHolder.initServlet(ServletHolder.java:440)
	at org.mortbay.jetty.servlet.ServletHolder.doStart(ServletHolder.java:263)
	at org.mortbay.component.AbstractLifeCycle.start(AbstractLifeCycle.java:50)
	at org.mortbay.jetty.servlet.ServletHandler.initialize(ServletHandler.java:736)
	at org.mortbay.jetty.servlet.Context.startContext(Context.java:140)
	at org.mortbay.jetty.webapp.WebAppContext.startContext(WebAppContext.java:1282)
	at org.mortbay.jetty.handler.ContextHandler.doStart(ContextHandler.java:518)
	at org.mortbay.jetty.webapp.WebAppContext.doStart(WebAppContext.java:499)
	at org.mortbay.component.AbstractLifeCycle.start(AbstractLifeCycle.java:50)
	at runjettyrun.Bootstrap$3.filesChanged(Bootstrap.java:465)
	at org.mortbay.util.Scanner.reportBulkChanges(Scanner.java:486)
	at org.mortbay.util.Scanner.reportDifferences(Scanner.java:352)
	at org.mortbay.util.Scanner.scan(Scanner.java:280)
	at org.mortbay.util.Scanner$1.run(Scanner.java:232)
	at java.util.TimerThread.mainLoop(Timer.java:555)
	at java.util.TimerThread.run(Timer.java:505)
Caused by: org.springframework.beans.factory.CannotLoadBeanClassException: Cannot find class [pms.pub.util.DateFormatter] for bean with name 'pms.pub.util.DateFormatter#26375c6' defined in class path resource [config/spring/spring-mvc.xml]; nested exception is java.lang.ClassNotFoundException: pms.pub.util.DateFormatter
	at org.springframework.beans.factory.support.AbstractBeanFactory.resolveBeanClass(AbstractBeanFactory.java:1328)
	at org.springframework.beans.factory.support.AbstractAutowireCapableBeanFactory.createBean(AbstractAutowireCapableBeanFactory.java:453)
	at org.springframework.beans.factory.support.BeanDefinitionValueResolver.resolveInnerBean(BeanDefinitionValueResolver.java:299)
	... 36 more
Caused by: java.lang.ClassNotFoundException: pms.pub.util.DateFormatter
	at java.net.URLClassLoader$1.run(URLClassLoader.java:366)
	at java.net.URLClassLoader$1.run(URLClassLoader.java:355)
	at java.security.AccessController.doPrivileged(Native Method)
	at java.net.URLClassLoader.findClass(URLClassLoader.java:354)
	at org.mortbay.jetty.webapp.WebAppClassLoader.loadClass(WebAppClassLoader.java:392)
	at runjettyrun.ProjectClassLoader.loadClass(ProjectClassLoader.java:82)
	at org.springframework.util.ClassUtils.forName(ClassUtils.java:249)
	at org.springframework.beans.factory.support.AbstractBeanDefinition.resolveBeanClass(AbstractBeanDefinition.java:395)
	at org.springframework.beans.factory.support.AbstractBeanFactory.doResolveBeanClass(AbstractBeanFactory.java:1349)
	at org.springframework.beans.factory.support.AbstractBeanFactory.resolveBeanClass(AbstractBeanFactory.java:1320)
	... 38 more
[INFO][2017-02-27 15:55:04 004][Timer-0][B:][S:][DispatcherServlet][FrameworkServlet.java][484] FrameworkServlet 'springmvc': initialization started
[INFO][2017-02-27 15:55:04 004][Timer-0][B:][S:][XmlWebApplicationContext][AbstractApplicationContext.java][510] Refreshing WebApplicationContext for namespace 'springmvc-servlet': startup date [Mon Feb 27 15:55:04 CST 2017]; parent: Root WebApplicationContext
[INFO][2017-02-27 15:55:04 004][Timer-0][B:][S:][XmlBeanDefinitionReader][XmlBeanDefinitionReader.java][317] Loading XML bean definitions from class path resource [config/spring/spring-mvc.xml]
[WARN][2017-02-27 15:55:04 004][Timer-0][B:][S:][XmlWebApplicationContext][AbstractApplicationContext.java][487] Exception encountered during context initialization - cancelling refresh attempt
org.springframework.beans.factory.BeanCreationException: Error creating bean with name 'conversionService' defined in class path resource [config/spring/spring-mvc.xml]: Cannot create inner bean 'pms.pub.util.DateFormatter#35a9f47c' of type [pms.pub.util.DateFormatter] while setting bean property 'formatters' with key [0]; nested exception is org.springframework.beans.factory.CannotLoadBeanClassException: Cannot find class [pms.pub.util.DateFormatter] for bean with name 'pms.pub.util.DateFormatter#35a9f47c' defined in class path resource [config/spring/spring-mvc.xml]; nested exception is java.lang.ClassNotFoundException: pms.pub.util.DateFormatter
	at org.springframework.beans.factory.support.BeanDefinitionValueResolver.resolveInnerBean(BeanDefinitionValueResolver.java:313)
	at org.springframework.beans.factory.support.BeanDefinitionValueResolver.resolveValueIfNecessary(BeanDefinitionValueResolver.java:122)
	at org.springframework.beans.factory.support.BeanDefinitionValueResolver.resolveManagedSet(BeanDefinitionValueResolver.java:394)
	at org.springframework.beans.factory.support.BeanDefinitionValueResolver.resolveValueIfNecessary(BeanDefinitionValueResolver.java:161)
	at org.springframework.beans.factory.support.AbstractAutowireCapableBeanFactory.applyPropertyValues(AbstractAutowireCapableBeanFactory.java:1477)
	at org.springframework.beans.factory.support.AbstractAutowireCapableBeanFactory.populateBean(AbstractAutowireCapableBeanFactory.java:1222)
	at org.springframework.beans.factory.support.AbstractAutowireCapableBeanFactory.doCreateBean(AbstractAutowireCapableBeanFactory.java:537)
	at org.springframework.beans.factory.support.AbstractAutowireCapableBeanFactory.createBean(AbstractAutowireCapableBeanFactory.java:476)
	at org.springframework.beans.factory.support.AbstractBeanFactory$1.getObject(AbstractBeanFactory.java:303)
	at org.springframework.beans.factory.support.DefaultSingletonBeanRegistry.getSingleton(DefaultSingletonBeanRegistry.java:230)
	at org.springframework.beans.factory.support.AbstractBeanFactory.doGetBean(AbstractBeanFactory.java:299)
	at org.springframework.beans.factory.support.AbstractBeanFactory.getBean(AbstractBeanFactory.java:199)
	at org.springframework.context.support.AbstractApplicationContext.finishBeanFactoryInitialization(AbstractApplicationContext.java:741)
	at org.springframework.context.support.AbstractApplicationContext.refresh(AbstractApplicationContext.java:480)
	at org.springframework.web.servlet.FrameworkServlet.configureAndRefreshWebApplicationContext(FrameworkServlet.java:663)
	at org.springframework.web.servlet.FrameworkServlet.createWebApplicationContext(FrameworkServlet.java:629)
	at org.springframework.web.servlet.FrameworkServlet.createWebApplicationContext(FrameworkServlet.java:677)
	at org.springframework.web.servlet.FrameworkServlet.initWebApplicationContext(FrameworkServlet.java:548)
	at org.springframework.web.servlet.FrameworkServlet.initServletBean(FrameworkServlet.java:489)
	at org.springframework.web.servlet.HttpServletBean.init(HttpServletBean.java:136)
	at javax.servlet.GenericServlet.init(GenericServlet.java:241)
	at org.mortbay.jetty.servlet.ServletHolder.initServlet(ServletHolder.java:440)
	at org.mortbay.jetty.servlet.ServletHolder.doStart(ServletHolder.java:263)
	at org.mortbay.component.AbstractLifeCycle.start(AbstractLifeCycle.java:50)
	at org.mortbay.jetty.servlet.ServletHandler.initialize(ServletHandler.java:736)
	at org.mortbay.jetty.servlet.Context.startContext(Context.java:140)
	at org.mortbay.jetty.webapp.WebAppContext.startContext(WebAppContext.java:1282)
	at org.mortbay.jetty.handler.ContextHandler.doStart(ContextHandler.java:518)
	at org.mortbay.jetty.webapp.WebAppContext.doStart(WebAppContext.java:499)
	at org.mortbay.component.AbstractLifeCycle.start(AbstractLifeCycle.java:50)
	at runjettyrun.Bootstrap$3.filesChanged(Bootstrap.java:465)
	at org.mortbay.util.Scanner.reportBulkChanges(Scanner.java:486)
	at org.mortbay.util.Scanner.reportDifferences(Scanner.java:352)
	at org.mortbay.util.Scanner.scan(Scanner.java:280)
	at org.mortbay.util.Scanner$1.run(Scanner.java:232)
	at java.util.TimerThread.mainLoop(Timer.java:555)
	at java.util.TimerThread.run(Timer.java:505)
Caused by: org.springframework.beans.factory.CannotLoadBeanClassException: Cannot find class [pms.pub.util.DateFormatter] for bean with name 'pms.pub.util.DateFormatter#35a9f47c' defined in class path resource [config/spring/spring-mvc.xml]; nested exception is java.lang.ClassNotFoundException: pms.pub.util.DateFormatter
	at org.springframework.beans.factory.support.AbstractBeanFactory.resolveBeanClass(AbstractBeanFactory.java:1328)
	at org.springframework.beans.factory.support.AbstractAutowireCapableBeanFactory.createBean(AbstractAutowireCapableBeanFactory.java:453)
	at org.springframework.beans.factory.support.BeanDefinitionValueResolver.resolveInnerBean(BeanDefinitionValueResolver.java:299)
	... 36 more
Caused by: java.lang.ClassNotFoundException: pms.pub.util.DateFormatter
	at java.net.URLClassLoader$1.run(URLClassLoader.java:366)
	at java.net.URLClassLoader$1.run(URLClassLoader.java:355)
	at java.security.AccessController.doPrivileged(Native Method)
	at java.net.URLClassLoader.findClass(URLClassLoader.java:354)
	at org.mortbay.jetty.webapp.WebAppClassLoader.loadClass(WebAppClassLoader.java:392)
	at runjettyrun.ProjectClassLoader.loadClass(ProjectClassLoader.java:82)
	at org.springframework.util.ClassUtils.forName(ClassUtils.java:249)
	at org.springframework.beans.factory.support.AbstractBeanDefinition.resolveBeanClass(AbstractBeanDefinition.java:395)
	at org.springframework.beans.factory.support.AbstractBeanFactory.doResolveBeanClass(AbstractBeanFactory.java:1349)
	at org.springframework.beans.factory.support.AbstractBeanFactory.resolveBeanClass(AbstractBeanFactory.java:1320)
	... 38 more
[ERROR][2017-02-27 15:55:04 004][Timer-0][B:][S:][DispatcherServlet][FrameworkServlet.java][497] Context initialization failed
org.springframework.beans.factory.BeanCreationException: Error creating bean with name 'conversionService' defined in class path resource [config/spring/spring-mvc.xml]: Cannot create inner bean 'pms.pub.util.DateFormatter#35a9f47c' of type [pms.pub.util.DateFormatter] while setting bean property 'formatters' with key [0]; nested exception is org.springframework.beans.factory.CannotLoadBeanClassException: Cannot find class [pms.pub.util.DateFormatter] for bean with name 'pms.pub.util.DateFormatter#35a9f47c' defined in class path resource [config/spring/spring-mvc.xml]; nested exception is java.lang.ClassNotFoundException: pms.pub.util.DateFormatter
	at org.springframework.beans.factory.support.BeanDefinitionValueResolver.resolveInnerBean(BeanDefinitionValueResolver.java:313)
	at org.springframework.beans.factory.support.BeanDefinitionValueResolver.resolveValueIfNecessary(BeanDefinitionValueResolver.java:122)
	at org.springframework.beans.factory.support.BeanDefinitionValueResolver.resolveManagedSet(BeanDefinitionValueResolver.java:394)
	at org.springframework.beans.factory.support.BeanDefinitionValueResolver.resolveValueIfNecessary(BeanDefinitionValueResolver.java:161)
	at org.springframework.beans.factory.support.AbstractAutowireCapableBeanFactory.applyPropertyValues(AbstractAutowireCapableBeanFactory.java:1477)
	at org.springframework.beans.factory.support.AbstractAutowireCapableBeanFactory.populateBean(AbstractAutowireCapableBeanFactory.java:1222)
	at org.springframework.beans.factory.support.AbstractAutowireCapableBeanFactory.doCreateBean(AbstractAutowireCapableBeanFactory.java:537)
	at org.springframework.beans.factory.support.AbstractAutowireCapableBeanFactory.createBean(AbstractAutowireCapableBeanFactory.java:476)
	at org.springframework.beans.factory.support.AbstractBeanFactory$1.getObject(AbstractBeanFactory.java:303)
	at org.springframework.beans.factory.support.DefaultSingletonBeanRegistry.getSingleton(DefaultSingletonBeanRegistry.java:230)
	at org.springframework.beans.factory.support.AbstractBeanFactory.doGetBean(AbstractBeanFactory.java:299)
	at org.springframework.beans.factory.support.AbstractBeanFactory.getBean(AbstractBeanFactory.java:199)
	at org.springframework.context.support.AbstractApplicationContext.finishBeanFactoryInitialization(AbstractApplicationContext.java:741)
	at org.springframework.context.support.AbstractApplicationContext.refresh(AbstractApplicationContext.java:480)
	at org.springframework.web.servlet.FrameworkServlet.configureAndRefreshWebApplicationContext(FrameworkServlet.java:663)
	at org.springframework.web.servlet.FrameworkServlet.createWebApplicationContext(FrameworkServlet.java:629)
	at org.springframework.web.servlet.FrameworkServlet.createWebApplicationContext(FrameworkServlet.java:677)
	at org.springframework.web.servlet.FrameworkServlet.initWebApplicationContext(FrameworkServlet.java:548)
	at org.springframework.web.servlet.FrameworkServlet.initServletBean(FrameworkServlet.java:489)
	at org.springframework.web.servlet.HttpServletBean.init(HttpServletBean.java:136)
	at javax.servlet.GenericServlet.init(GenericServlet.java:241)
	at org.mortbay.jetty.servlet.ServletHolder.initServlet(ServletHolder.java:440)
	at org.mortbay.jetty.servlet.ServletHolder.doStart(ServletHolder.java:263)
	at org.mortbay.component.AbstractLifeCycle.start(AbstractLifeCycle.java:50)
	at org.mortbay.jetty.servlet.ServletHandler.initialize(ServletHandler.java:736)
	at org.mortbay.jetty.servlet.Context.startContext(Context.java:140)
	at org.mortbay.jetty.webapp.WebAppContext.startContext(WebAppContext.java:1282)
	at org.mortbay.jetty.handler.ContextHandler.doStart(ContextHandler.java:518)
	at org.mortbay.jetty.webapp.WebAppContext.doStart(WebAppContext.java:499)
	at org.mortbay.component.AbstractLifeCycle.start(AbstractLifeCycle.java:50)
	at runjettyrun.Bootstrap$3.filesChanged(Bootstrap.java:465)
	at org.mortbay.util.Scanner.reportBulkChanges(Scanner.java:486)
	at org.mortbay.util.Scanner.reportDifferences(Scanner.java:352)
	at org.mortbay.util.Scanner.scan(Scanner.java:280)
	at org.mortbay.util.Scanner$1.run(Scanner.java:232)
	at java.util.TimerThread.mainLoop(Timer.java:555)
	at java.util.TimerThread.run(Timer.java:505)
Caused by: org.springframework.beans.factory.CannotLoadBeanClassException: Cannot find class [pms.pub.util.DateFormatter] for bean with name 'pms.pub.util.DateFormatter#35a9f47c' defined in class path resource [config/spring/spring-mvc.xml]; nested exception is java.lang.ClassNotFoundException: pms.pub.util.DateFormatter
	at org.springframework.beans.factory.support.AbstractBeanFactory.resolveBeanClass(AbstractBeanFactory.java:1328)
	at org.springframework.beans.factory.support.AbstractAutowireCapableBeanFactory.createBean(AbstractAutowireCapableBeanFactory.java:453)
	at org.springframework.beans.factory.support.BeanDefinitionValueResolver.resolveInnerBean(BeanDefinitionValueResolver.java:299)
	... 36 more
Caused by: java.lang.ClassNotFoundException: pms.pub.util.DateFormatter
	at java.net.URLClassLoader$1.run(URLClassLoader.java:366)
	at java.net.URLClassLoader$1.run(URLClassLoader.java:355)
	at java.security.AccessController.doPrivileged(Native Method)
	at java.net.URLClassLoader.findClass(URLClassLoader.java:354)
	at org.mortbay.jetty.webapp.WebAppClassLoader.loadClass(WebAppClassLoader.java:392)
	at runjettyrun.ProjectClassLoader.loadClass(ProjectClassLoader.java:82)
	at org.springframework.util.ClassUtils.forName(ClassUtils.java:249)
	at org.springframework.beans.factory.support.AbstractBeanDefinition.resolveBeanClass(AbstractBeanDefinition.java:395)
	at org.springframework.beans.factory.support.AbstractBeanFactory.doResolveBeanClass(AbstractBeanFactory.java:1349)
	at org.springframework.beans.factory.support.AbstractBeanFactory.resolveBeanClass(AbstractBeanFactory.java:1320)
	... 38 more
